

*******************************************************************************
Wed May 13 15:18:05 2026


FIT:    data read from "out.times.data" using (log($1)):(log($2))
        format = x:z
        #datapoints = 13
        residuals are weighted equally (unit weight)

function used for fitting: g(x)
	g(x) = alpha + beta*x
fitted parameters initialized with current variable values

iter      chisq       delta/lim  lambda   alpha         beta         
   0 1.3952689675e+03   0.00e+00  4.17e+00    1.000000e+00   1.000000e+00
   5 2.0763803687e-01  -2.01e-02  4.17e-05   -2.127547e+01   3.055087e+00

After 5 iterations the fit converged.
final sum of squares of residuals : 0.207638
rel. change during last iteration : -2.00589e-07

degrees of freedom    (FIT_NDF)                        : 11
rms of residuals      (FIT_STDFIT) = sqrt(WSSR/ndf)    : 0.137391
variance of residuals (reduced chisquare) = WSSR/ndf   : 0.0188762

Final set of parameters            Asymptotic Standard Error
=======================            ==========================
alpha           = -21.2755         +/- 0.9705       (4.562%)
beta            = 3.05509          +/- 0.1671       (5.47%)

correlation matrix of the fit parameters:
                alpha  beta   
alpha           1.000 
beta           -0.999  1.000 
